/bin/sh: npm: command not found
/bin/sh: npm: command not found
/bin/sh: npm: command not found
/bin/sh: npm: command not found
/bin/sh: npm: command not found
/bin/sh: npm: command not found
/bin/sh: npm: command not found
/bin/sh: npm: command not found
/bin/sh: npm: command not found
/bin/sh: npm: command not found
/bin/sh: npm: command not found
/bin/sh: npm: command not found
/bin/sh: npm: command not found
/bin/sh: npm: command not found
/bin/sh: npm: command not found
/bin/sh: npm: command not found
/bin/sh: npm: command not found
/bin/sh: npm: command not found
/bin/sh: npm: command not found
/bin/sh: npm: command not found
/bin/sh: npm: command not found
/bin/sh: npm: command not found
/bin/sh: npm: command not found
/bin/sh: npm: command not found
/bin/sh: npm: command not found
/bin/sh: npm: command not found
/bin/sh: npm: command not found
/bin/sh: npm: command not found
/bin/sh: npm: command not found
/bin/sh: npm: command not found
/bin/sh: npm: command not found
/bin/sh: npm: command not found
/bin/sh: npm: command not found
/bin/sh: npm: command not found
/bin/sh: npm: command not found
/bin/sh: npm: command not found
/bin/sh: npm: command not found
/bin/sh: npm: command not found
/bin/sh: npm: command not found
/bin/sh: npm: command not found
/bin/sh: npm: command not found
/bin/sh: npm: command not found
/bin/sh: npm: command not found
/bin/sh: npm: command not found
/bin/sh: npm: command not found
/bin/sh: npm: command not found
/bin/sh: npm: command not found
/bin/sh: npm: command not found
/bin/sh: npm: command not found
/bin/sh: npm: command not found
/bin/sh: npm: command not found
/bin/sh: npm: command not found
/bin/sh: npm: command not found
/bin/sh: npm: command not found
/bin/sh: npm: command not found
/bin/sh: npm: command not found
/bin/sh: npm: command not found
/bin/sh: npm: command not found
/bin/sh: npm: command not found
/bin/sh: npm: command not found
/bin/sh: npm: command not found
/bin/sh: npm: command not found
/bin/sh: npm: command not found
/bin/sh: npm: command not found
/bin/sh: npm: command not found
/bin/sh: npm: command not found
/bin/sh: npm: command not found
/bin/sh: npm: command not found
/bin/sh: npm: command not found
/bin/sh: npm: command not found
/bin/sh: npm: command not found
/bin/sh: npm: command not found
/bin/sh: npm: command not found
/bin/sh: npm: command not found
/bin/sh: npm: command not found
/bin/sh: npm: command not found
/bin/sh: npm: command not found
/bin/sh: npm: command not found
/bin/sh: npm: command not found
/bin/sh: npm: command not found
/bin/sh: npm: command not found
/bin/sh: npm: command not found
/bin/sh: npm: command not found
/bin/sh: npm: command not found
/bin/sh: npm: command not found
/bin/sh: npm: command not found
/bin/sh: npm: command not found
/bin/sh: npm: command not found
/bin/sh: npm: command not found
/bin/sh: npm: command not found
▲ [WARNING] Cannot find base config file "./.svelte-kit/tsconfig.json" [tsconfig.json]

    tsconfig.json:2:12:
      2 │   "extends": "./.svelte-kit/tsconfig.json",
        ╵              ~~~~~~~~~~~~~~~~~~~~~~~~~~~~~

